<?xml version="1.0" encoding="UTF-8"?>
<!-- Generated by org.testng.reporters.JUnitReportReporter -->
<testsuite hostname="MKSREDDY-PC" name="Nav_handle" tests="1" failures="0" timestamp="21 Jul 2018 09:32:24 GMT" time="59.510" errors="0">
  <testcase name="test" time="59.510" classname="Nav_handle"/>
</testsuite> <!-- Nav_handle -->
