<?xml version="1.0" encoding="UTF-8"?>
<!-- Generated by org.testng.reporters.JUnitReportReporter -->
<testsuite hostname="MKSREDDY-PC" name="TESTNG" tests="1" failures="0" timestamp="9 Oct 2017 05:29:25 GMT" time="0.072" errors="0">
  <testcase name="test" time="0.072" classname="TESTNG"/>
</testsuite> <!-- TESTNG -->
